Traceback (most recent call last):
  File "/Users/clintguymon/opt/anaconda3/envs/jupiterbook/lib/python3.9/site-packages/jupyter_cache/executors/utils.py", line 58, in single_nb_execution
    executenb(
  File "/Users/clintguymon/opt/anaconda3/envs/jupiterbook/lib/python3.9/site-packages/nbclient/client.py", line 1305, in execute
    return NotebookClient(nb=nb, resources=resources, km=km, **kwargs).execute()
  File "/Users/clintguymon/opt/anaconda3/envs/jupiterbook/lib/python3.9/site-packages/jupyter_core/utils/__init__.py", line 166, in wrapped
    return loop.run_until_complete(inner)
  File "/Users/clintguymon/opt/anaconda3/envs/jupiterbook/lib/python3.9/asyncio/base_events.py", line 647, in run_until_complete
    return future.result()
  File "/Users/clintguymon/opt/anaconda3/envs/jupiterbook/lib/python3.9/site-packages/nbclient/client.py", line 705, in async_execute
    await self.async_execute_cell(
  File "/Users/clintguymon/opt/anaconda3/envs/jupiterbook/lib/python3.9/site-packages/nbclient/client.py", line 1058, in async_execute_cell
    await self._check_raise_for_error(cell, cell_index, exec_reply)
  File "/Users/clintguymon/opt/anaconda3/envs/jupiterbook/lib/python3.9/site-packages/nbclient/client.py", line 914, in _check_raise_for_error
    raise CellExecutionError.from_cell_and_msg(cell, exec_reply_content)
nbclient.exceptions.CellExecutionError: An error occurred while executing the following cell:
------------------
# Adiabatic flame temperature of butane-air mixture from heats of formation

# First import the needed packages
import numpy as np 
import matplotlib.pyplot as plt
from scipy import integrate
import param

# Define the reaction:
# C4H10 + 6.5O2 + 24.4N2 => 4CO2 + 5H2O + 24.4N2

#define a class for the reactants and products
class species(param.Parameterized):
    H_rxn = param.Number(-1,bounds=(-1e10,0),doc='Heat of Reaction in kJ/mol')
    H_f = param.Number(-1,bounds=(-1e10,0),doc='Heat of Formation in kJ/mol')
    C_pgl = param.List([1,1,1,1,1],doc='Heat capacity coefficients in J/kmol/K')
    M_w = param.Number(1,bounds=(0,10000),doc='Molecular weight in g/mol')
    coeff = param.Number(1,bounds=(-100,100),doc='Stoichiometric coefficient')

    #define a function to calculate the ideal gas heat capacity
    def Cp(self,T):
        A = self.C_pgl[0]; B = self.C_pgl[1]; C = self.C_pgl[2]; D = self.C_pgl[3]; E = self.C_pgl[4]; 
        return A + B*((C/T)/np.sinh(C/T))**2 + D*((E/T)/np.cosh(E/T))**2 
    
    #define a function to calculate the enthalpy based on the ideal gas heat capacity
    def enthalpy(self,T,TO): #units of kJ/mol
        return self.coeff*(integrate.quad(self.Cp,TO,T)[0]/1e6)

#define reactants and products (estimated) for butane combustion
C4H10 = species(H_rxn=-2657.32,H_f=-125,C_pgl=[80152,162410,841,105747,2476],M_w=58.12,coeff=-1)
O2 = species(H_rxn=0,H_f=0,C_pgl=[29100,10040,2526,9356,1153],M_w=32.0,coeff=-6.5)
CO2 = species(H_rxn=0,H_f=-394,C_pgl=[29370,34540,1428,26400,588],M_w=44.01,coeff=4)
H2O = species(H_rxn=0,H_f=-242,C_pgl=[33363,26790,2610,8896,1169],M_w=18.02,coeff=5)
N2 = species(H_rxn=0,H_f=0,C_pgl=[29105,8615,1701,103,910],M_w=28.01,coeff=-24.4)

------------------


[0;31m---------------------------------------------------------------------------[0m
[0;31mModuleNotFoundError[0m                       Traceback (most recent call last)
Cell [0;32mIn[1], line 4[0m
[1;32m      1[0m [38;5;66;03m# Adiabatic flame temperature of butane-air mixture from heats of formation[39;00m
[1;32m      2[0m 
[1;32m      3[0m [38;5;66;03m# First import the needed packages[39;00m
[0;32m----> 4[0m [38;5;28;01mimport[39;00m [38;5;21;01mnumpy[39;00m [38;5;28;01mas[39;00m [38;5;21;01mnp[39;00m 
[1;32m      5[0m [38;5;28;01mimport[39;00m [38;5;21;01mmatplotlib[39;00m[38;5;21;01m.[39;00m[38;5;21;01mpyplot[39;00m [38;5;28;01mas[39;00m [38;5;21;01mplt[39;00m
[1;32m      6[0m [38;5;28;01mfrom[39;00m [38;5;21;01mscipy[39;00m [38;5;28;01mimport[39;00m integrate

[0;31mModuleNotFoundError[0m: No module named 'numpy'

