Traceback (most recent call last):
  File "/Users/clintguymon/opt/anaconda3/envs/jupiterbook/lib/python3.9/site-packages/jupyter_cache/executors/utils.py", line 58, in single_nb_execution
    executenb(
  File "/Users/clintguymon/opt/anaconda3/envs/jupiterbook/lib/python3.9/site-packages/nbclient/client.py", line 1305, in execute
    return NotebookClient(nb=nb, resources=resources, km=km, **kwargs).execute()
  File "/Users/clintguymon/opt/anaconda3/envs/jupiterbook/lib/python3.9/site-packages/jupyter_core/utils/__init__.py", line 166, in wrapped
    return loop.run_until_complete(inner)
  File "/Users/clintguymon/opt/anaconda3/envs/jupiterbook/lib/python3.9/asyncio/base_events.py", line 647, in run_until_complete
    return future.result()
  File "/Users/clintguymon/opt/anaconda3/envs/jupiterbook/lib/python3.9/site-packages/nbclient/client.py", line 705, in async_execute
    await self.async_execute_cell(
  File "/Users/clintguymon/opt/anaconda3/envs/jupiterbook/lib/python3.9/site-packages/nbclient/client.py", line 1058, in async_execute_cell
    await self._check_raise_for_error(cell, cell_index, exec_reply)
  File "/Users/clintguymon/opt/anaconda3/envs/jupiterbook/lib/python3.9/site-packages/nbclient/client.py", line 914, in _check_raise_for_error
    raise CellExecutionError.from_cell_and_msg(cell, exec_reply_content)
nbclient.exceptions.CellExecutionError: An error occurred while executing the following cell:
------------------

# Debug the following code which is supposed to find 
# the transpose of the matrix

A = np.array([[ 5,  8,  4,  2],
              [ 1, -6,  5, -7],
              [-2,  2, -9,  1],
              [-3,  5, -8,  7]])

A_transpose = np.zeros(4,4)

for i in range(2):
    for j in range(4):
    A_transpose[j] = A[i]

print(A_transpose-A.T) #check if the transpose is correct, should be array of zeros
#A.T is the transpose of A

------------------


[0;36m  Cell [0;32mIn[2], line 13[0;36m[0m
[0;31m    A_transpose[j] = A[i][0m
[0m    ^[0m
[0;31mIndentationError[0m[0;31m:[0m expected an indented block


