Traceback (most recent call last):
  File "/Users/clintguymon/opt/anaconda3/envs/jupyterbook2/lib/python3.9/site-packages/jupyter_cache/executors/utils.py", line 58, in single_nb_execution
    executenb(
  File "/Users/clintguymon/opt/anaconda3/envs/jupyterbook2/lib/python3.9/site-packages/nbclient/client.py", line 1305, in execute
    return NotebookClient(nb=nb, resources=resources, km=km, **kwargs).execute()
  File "/Users/clintguymon/opt/anaconda3/envs/jupyterbook2/lib/python3.9/site-packages/jupyter_core/utils/__init__.py", line 166, in wrapped
    return loop.run_until_complete(inner)
  File "/Users/clintguymon/opt/anaconda3/envs/jupyterbook2/lib/python3.9/asyncio/base_events.py", line 647, in run_until_complete
    return future.result()
  File "/Users/clintguymon/opt/anaconda3/envs/jupyterbook2/lib/python3.9/site-packages/nbclient/client.py", line 705, in async_execute
    await self.async_execute_cell(
  File "/Users/clintguymon/opt/anaconda3/envs/jupyterbook2/lib/python3.9/site-packages/nbclient/client.py", line 1058, in async_execute_cell
    await self._check_raise_for_error(cell, cell_index, exec_reply)
  File "/Users/clintguymon/opt/anaconda3/envs/jupyterbook2/lib/python3.9/site-packages/nbclient/client.py", line 914, in _check_raise_for_error
    raise CellExecutionError.from_cell_and_msg(cell, exec_reply_content)
nbclient.exceptions.CellExecutionError: An error occurred while executing the following cell:
------------------
#Plot of the solution is:
# 1st import needed packages
import numpy as np
import matplotlib.pyplot as plt
# 2nd define constants
inch2meter = 0.0254 #m
gravity = 9.81 #m/s^2
orificeDiameter = 1/8*0.0254 #m
Area = np.pi/4*orificeDiameter**2 #exit area of the water jet, m^2
height0 = (7+3/16)*0.0254 #initial height of water in the tank, m
Dia = (1+9/16)*0.0254 #diameter of the tank, m
# 3rd determine the emptying time
emptiedTime = np.sqrt(height0)*np.pi*Dia**2/(2*Area*np.sqrt(2*gravity))
# 4th define the function for the height of the water in the tank
time = np.linspace(0, emptiedTime, 100)
def height(t):
    return (-2/(np.pi*Dia**2)*Area*np.sqrt(2*gravity)*t+np.sqrt(height0))**2

plt.plot(time, height(time)/inch2meter)
plt.title('Fluid height')
plt.xlabel('Time (s)')
plt.ylabel('Height (in)')
plt.show()

------------------


[0;31m---------------------------------------------------------------------------[0m
[0;31mModuleNotFoundError[0m                       Traceback (most recent call last)
Cell [0;32mIn[1], line 3[0m
[1;32m      1[0m [38;5;66;03m#Plot of the solution is:[39;00m
[1;32m      2[0m [38;5;66;03m# 1st import needed packages[39;00m
[0;32m----> 3[0m [38;5;28;01mimport[39;00m [38;5;21;01mnumpy[39;00m [38;5;28;01mas[39;00m [38;5;21;01mnp[39;00m
[1;32m      4[0m [38;5;28;01mimport[39;00m [38;5;21;01mmatplotlib[39;00m[38;5;21;01m.[39;00m[38;5;21;01mpyplot[39;00m [38;5;28;01mas[39;00m [38;5;21;01mplt[39;00m
[1;32m      5[0m [38;5;66;03m# 2nd define constants[39;00m

[0;31mModuleNotFoundError[0m: No module named 'numpy'

