Traceback (most recent call last):
  File "/Users/clintguymon/opt/anaconda3/envs/jupiterbook/lib/python3.9/site-packages/jupyter_cache/executors/utils.py", line 58, in single_nb_execution
    executenb(
  File "/Users/clintguymon/opt/anaconda3/envs/jupiterbook/lib/python3.9/site-packages/nbclient/client.py", line 1305, in execute
    return NotebookClient(nb=nb, resources=resources, km=km, **kwargs).execute()
  File "/Users/clintguymon/opt/anaconda3/envs/jupiterbook/lib/python3.9/site-packages/jupyter_core/utils/__init__.py", line 166, in wrapped
    return loop.run_until_complete(inner)
  File "/Users/clintguymon/opt/anaconda3/envs/jupiterbook/lib/python3.9/asyncio/base_events.py", line 647, in run_until_complete
    return future.result()
  File "/Users/clintguymon/opt/anaconda3/envs/jupiterbook/lib/python3.9/site-packages/nbclient/client.py", line 705, in async_execute
    await self.async_execute_cell(
  File "/Users/clintguymon/opt/anaconda3/envs/jupiterbook/lib/python3.9/site-packages/nbclient/client.py", line 1058, in async_execute_cell
    await self._check_raise_for_error(cell, cell_index, exec_reply)
  File "/Users/clintguymon/opt/anaconda3/envs/jupiterbook/lib/python3.9/site-packages/nbclient/client.py", line 914, in _check_raise_for_error
    raise CellExecutionError.from_cell_and_msg(cell, exec_reply_content)
nbclient.exceptions.CellExecutionError: An error occurred while executing the following cell:
------------------
# Solve the TSP using scipy.optimize.minimize
minimize(objective_function, initial_tour_order, bounds=bounds, method='SLSQP')
------------------


[0;31m---------------------------------------------------------------------------[0m
[0;31mTypeError[0m                                 Traceback (most recent call last)
Cell [0;32mIn[7], line 2[0m
[1;32m      1[0m [38;5;66;03m# Solve the TSP using scipy.optimize.minimize[39;00m
[0;32m----> 2[0m [43mminimize[49m[43m([49m[43mobjective_function[49m[43m,[49m[43m [49m[43minitial_tour_order[49m[43m,[49m[43m [49m[43mbounds[49m[38;5;241;43m=[39;49m[43mbounds[49m[43m,[49m[43m [49m[43mmethod[49m[38;5;241;43m=[39;49m[38;5;124;43m'[39;49m[38;5;124;43mSLSQP[39;49m[38;5;124;43m'[39;49m[43m)[49m

File [0;32m~/opt/anaconda3/envs/jupiterbook/lib/python3.9/site-packages/scipy/optimize/_minimize.py:719[0m, in [0;36mminimize[0;34m(fun, x0, args, method, jac, hess, hessp, bounds, constraints, tol, callback, options)[0m
[1;32m    716[0m     res [38;5;241m=[39m _minimize_cobyla(fun, x0, args, constraints, callback[38;5;241m=[39mcallback,
[1;32m    717[0m                            bounds[38;5;241m=[39mbounds, [38;5;241m*[39m[38;5;241m*[39moptions)
[1;32m    718[0m [38;5;28;01melif[39;00m meth [38;5;241m==[39m [38;5;124m'[39m[38;5;124mslsqp[39m[38;5;124m'[39m:
[0;32m--> 719[0m     res [38;5;241m=[39m [43m_minimize_slsqp[49m[43m([49m[43mfun[49m[43m,[49m[43m [49m[43mx0[49m[43m,[49m[43m [49m[43margs[49m[43m,[49m[43m [49m[43mjac[49m[43m,[49m[43m [49m[43mbounds[49m[43m,[49m
[1;32m    720[0m [43m                          [49m[43mconstraints[49m[43m,[49m[43m [49m[43mcallback[49m[38;5;241;43m=[39;49m[43mcallback[49m[43m,[49m[43m [49m[38;5;241;43m*[39;49m[38;5;241;43m*[39;49m[43moptions[49m[43m)[49m
[1;32m    721[0m [38;5;28;01melif[39;00m meth [38;5;241m==[39m [38;5;124m'[39m[38;5;124mtrust-constr[39m[38;5;124m'[39m:
[1;32m    722[0m     res [38;5;241m=[39m _minimize_trustregion_constr(fun, x0, args, jac, hess, hessp,
[1;32m    723[0m                                        bounds, constraints,
[1;32m    724[0m                                        callback[38;5;241m=[39mcallback, [38;5;241m*[39m[38;5;241m*[39moptions)

File [0;32m~/opt/anaconda3/envs/jupiterbook/lib/python3.9/site-packages/scipy/optimize/_slsqp_py.py:374[0m, in [0;36m_minimize_slsqp[0;34m(func, x0, args, jac, bounds, constraints, maxiter, ftol, iprint, disp, eps, callback, finite_diff_rel_step, **unknown_options)[0m
[1;32m    371[0m     xu[infbnd[:, [38;5;241m1[39m]] [38;5;241m=[39m np[38;5;241m.[39mnan
[1;32m    373[0m [38;5;66;03m# ScalarFunction provides function and gradient evaluation[39;00m
[0;32m--> 374[0m sf [38;5;241m=[39m [43m_prepare_scalar_function[49m[43m([49m[43mfunc[49m[43m,[49m[43m [49m[43mx[49m[43m,[49m[43m [49m[43mjac[49m[38;5;241;43m=[39;49m[43mjac[49m[43m,[49m[43m [49m[43margs[49m[38;5;241;43m=[39;49m[43margs[49m[43m,[49m[43m [49m[43mepsilon[49m[38;5;241;43m=[39;49m[43meps[49m[43m,[49m
[1;32m    375[0m [43m                              [49m[43mfinite_diff_rel_step[49m[38;5;241;43m=[39;49m[43mfinite_diff_rel_step[49m[43m,[49m
[1;32m    376[0m [43m                              [49m[43mbounds[49m[38;5;241;43m=[39;49m[43mnew_bounds[49m[43m)[49m
[1;32m    377[0m [38;5;66;03m# gh11403 SLSQP sometimes exceeds bounds by 1 or 2 ULP, make sure this[39;00m
[1;32m    378[0m [38;5;66;03m# doesn't get sent to the func/grad evaluator.[39;00m
[1;32m    379[0m wrapped_fun [38;5;241m=[39m _clip_x_for_func(sf[38;5;241m.[39mfun, new_bounds)

File [0;32m~/opt/anaconda3/envs/jupiterbook/lib/python3.9/site-packages/scipy/optimize/_optimize.py:383[0m, in [0;36m_prepare_scalar_function[0;34m(fun, x0, jac, args, bounds, epsilon, finite_diff_rel_step, hess)[0m
[1;32m    379[0m     bounds [38;5;241m=[39m ([38;5;241m-[39mnp[38;5;241m.[39minf, np[38;5;241m.[39minf)
[1;32m    381[0m [38;5;66;03m# ScalarFunction caches. Reuse of fun(x) during grad[39;00m
[1;32m    382[0m [38;5;66;03m# calculation reduces overall function evaluations.[39;00m
[0;32m--> 383[0m sf [38;5;241m=[39m [43mScalarFunction[49m[43m([49m[43mfun[49m[43m,[49m[43m [49m[43mx0[49m[43m,[49m[43m [49m[43margs[49m[43m,[49m[43m [49m[43mgrad[49m[43m,[49m[43m [49m[43mhess[49m[43m,[49m
[1;32m    384[0m [43m                    [49m[43mfinite_diff_rel_step[49m[43m,[49m[43m [49m[43mbounds[49m[43m,[49m[43m [49m[43mepsilon[49m[38;5;241;43m=[39;49m[43mepsilon[49m[43m)[49m
[1;32m    386[0m [38;5;28;01mreturn[39;00m sf

File [0;32m~/opt/anaconda3/envs/jupiterbook/lib/python3.9/site-packages/scipy/optimize/_differentiable_functions.py:158[0m, in [0;36mScalarFunction.__init__[0;34m(self, fun, x0, args, grad, hess, finite_diff_rel_step, finite_diff_bounds, epsilon)[0m
[1;32m    155[0m     [38;5;28mself[39m[38;5;241m.[39mf [38;5;241m=[39m fun_wrapped([38;5;28mself[39m[38;5;241m.[39mx)
[1;32m    157[0m [38;5;28mself[39m[38;5;241m.[39m_update_fun_impl [38;5;241m=[39m update_fun
[0;32m--> 158[0m [38;5;28;43mself[39;49m[38;5;241;43m.[39;49m[43m_update_fun[49m[43m([49m[43m)[49m
[1;32m    160[0m [38;5;66;03m# Gradient evaluation[39;00m
[1;32m    161[0m [38;5;28;01mif[39;00m [38;5;28mcallable[39m(grad):

File [0;32m~/opt/anaconda3/envs/jupiterbook/lib/python3.9/site-packages/scipy/optimize/_differentiable_functions.py:251[0m, in [0;36mScalarFunction._update_fun[0;34m(self)[0m
[1;32m    249[0m [38;5;28;01mdef[39;00m [38;5;21m_update_fun[39m([38;5;28mself[39m):
[1;32m    250[0m     [38;5;28;01mif[39;00m [38;5;129;01mnot[39;00m [38;5;28mself[39m[38;5;241m.[39mf_updated:
[0;32m--> 251[0m         [38;5;28;43mself[39;49m[38;5;241;43m.[39;49m[43m_update_fun_impl[49m[43m([49m[43m)[49m
[1;32m    252[0m         [38;5;28mself[39m[38;5;241m.[39mf_updated [38;5;241m=[39m [38;5;28;01mTrue[39;00m

File [0;32m~/opt/anaconda3/envs/jupiterbook/lib/python3.9/site-packages/scipy/optimize/_differentiable_functions.py:155[0m, in [0;36mScalarFunction.__init__.<locals>.update_fun[0;34m()[0m
[1;32m    154[0m [38;5;28;01mdef[39;00m [38;5;21mupdate_fun[39m():
[0;32m--> 155[0m     [38;5;28mself[39m[38;5;241m.[39mf [38;5;241m=[39m [43mfun_wrapped[49m[43m([49m[38;5;28;43mself[39;49m[38;5;241;43m.[39;49m[43mx[49m[43m)[49m

File [0;32m~/opt/anaconda3/envs/jupiterbook/lib/python3.9/site-packages/scipy/optimize/_differentiable_functions.py:148[0m, in [0;36mScalarFunction.__init__.<locals>.fun_wrapped[0;34m(x)[0m
[1;32m    142[0m     [38;5;28;01mexcept[39;00m ([38;5;167;01mTypeError[39;00m, [38;5;167;01mValueError[39;00m) [38;5;28;01mas[39;00m e:
[1;32m    143[0m         [38;5;28;01mraise[39;00m [38;5;167;01mValueError[39;00m(
[1;32m    144[0m             [38;5;124m"[39m[38;5;124mThe user-provided objective function [39m[38;5;124m"[39m
[1;32m    145[0m             [38;5;124m"[39m[38;5;124mmust return a scalar value.[39m[38;5;124m"[39m
[1;32m    146[0m         ) [38;5;28;01mfrom[39;00m [38;5;21;01me[39;00m
[0;32m--> 148[0m [38;5;28;01mif[39;00m [43mfx[49m[43m [49m[38;5;241;43m<[39;49m[43m [49m[38;5;28;43mself[39;49m[38;5;241;43m.[39;49m[43m_lowest_f[49m:
[1;32m    149[0m     [38;5;28mself[39m[38;5;241m.[39m_lowest_x [38;5;241m=[39m x
[1;32m    150[0m     [38;5;28mself[39m[38;5;241m.[39m_lowest_f [38;5;241m=[39m fx

[0;31mTypeError[0m: '<' not supported between instances of 'NoneType' and 'float'

